<?xml version="1.0" encoding="UTF-8"?>
<testsuite xmlns:xsi="http://www.w3.org/2001/XMLSchema-instance" xsi:schemaLocation="https://maven.apache.org/surefire/maven-surefire-plugin/xsd/surefire-test-report.xsd" name="tw.teddysoft.bdd.domain.invoice.tw.teddysoft.bdd.cucumber.IssuingInvoiceCucumberTest" time="0.479" tests="124" errors="0" skipped="0" failures="0">
  <properties>
    <property name="idea.version" value="2016.3.5"/>
    <property name="java.runtime.name" value="Java(TM) SE Runtime Environment"/>
    <property name="sun.boot.library.path" value="C:\Program Files\Java\jdk1.8.0_111\jre\bin"/>
    <property name="java.vm.version" value="25.111-b14"/>
    <property name="java.vm.vendor" value="Oracle Corporation"/>
    <property name="maven.multiModuleProjectDirectory" value="C:\Users\joe\Desktop\123\SLM2017"/>
    <property name="java.vendor.url" value="http://java.oracle.com/"/>
    <property name="path.separator" value=";"/>
    <property name="guice.disable.misplaced.annotation.check" value="true"/>
    <property name="java.vm.name" value="Java HotSpot(TM) 64-Bit Server VM"/>
    <property name="file.encoding.pkg" value="sun.io"/>
    <property name="idea.launcher.port" value="7535"/>
    <property name="user.script" value=""/>
    <property name="user.country" value="TW"/>
    <property name="sun.java.launcher" value="SUN_STANDARD"/>
    <property name="sun.os.patch.level" value="Service Pack 1"/>
    <property name="java.vm.specification.name" value="Java Virtual Machine Specification"/>
    <property name="user.dir" value="C:\Users\joe\Desktop\123\SLM2017"/>
    <property name="java.runtime.version" value="1.8.0_111-b14"/>
    <property name="java.awt.graphicsenv" value="sun.awt.Win32GraphicsEnvironment"/>
    <property name="java.endorsed.dirs" value="C:\Program Files\Java\jdk1.8.0_111\jre\lib\endorsed"/>
    <property name="os.arch" value="amd64"/>
    <property name="java.io.tmpdir" value="C:\Users\joe\AppData\Local\Temp\"/>
    <property name="line.separator" value="&#10;"/>
    <property name="java.vm.specification.vendor" value="Oracle Corporation"/>
    <property name="user.variant" value=""/>
    <property name="os.name" value="Windows 7"/>
    <property name="classworlds.conf" value="C:\Program Files (x86)\JetBrains\IntelliJ IDEA Community Edition 2016.3.5\plugins\maven\lib\maven3\bin\m2.conf"/>
    <property name="sun.jnu.encoding" value="MS950"/>
    <property name="java.library.path" value="C:\Program Files\Java\jdk1.8.0_111\bin;C:\Windows\Sun\Java\bin;C:\Windows\system32;C:\Windows;C:\ProgramData\Oracle\Java\javapath;C:\Program Files (x86)\Intel\iCLS Client\;C:\Program Files\Intel\iCLS Client\;C:\Windows\system32;C:\Windows;C:\Windows\System32\Wbem;C:\Windows\System32\WindowsPowerShell\v1.0\;C:\Program Files (x86)\Intel\Intel(R) Management Engine Components\DAL;C:\Program Files\Intel\Intel(R) Management Engine Components\DAL;C:\Program Files (x86)\Intel\Intel(R) Management Engine Components\IPT;C:\Program Files\Intel\Intel(R) Management Engine Components\IPT;C:\Program Files\Git\cmd;C:\Program Files\TortoiseGit\bin;C:\Users\joe\AppData\Local\Android\sdk\platform-tools;C:\Program Files (x86)\Windows Kits\8.1\Windows Performance Toolkit\;C:\Python27\Scripts;C:\Python27;C:\Users\joe\AppData\Local\Android\sdk;C:\Users\joe\AppData\Roaming\nvm;C:\Program Files\nodejs;C:\Program Files\nodejs\;C:\Program Files\Java\jdk1.8.0_111;C:\Program Files (x86)\Windows Live\Shared;C:\Users\joe\AppData\Local\atom\bin;C:\Users\joe\AppData\Roaming\nvm;C:\Program Files\nodejs;C:\Users\joe\AppData\Roaming\npm;C:\Program Files (x86)\Microsoft VS Code\bin;."/>
    <property name="java.specification.name" value="Java Platform API Specification"/>
    <property name="java.class.version" value="52.0"/>
    <property name="sun.management.compiler" value="HotSpot 64-Bit Tiered Compilers"/>
    <property name="os.version" value="6.1"/>
    <property name="user.home" value="C:\Users\joe"/>
    <property name="user.timezone" value="Asia/Taipei"/>
    <property name="java.awt.printerjob" value="sun.awt.windows.WPrinterJob"/>
    <property name="java.specification.version" value="1.8"/>
    <property name="idea.launcher.bin.path" value="C:\Program Files (x86)\JetBrains\IntelliJ IDEA Community Edition 2016.3.5\bin"/>
    <property name="file.encoding" value="UTF-8"/>
    <property name="user.name" value="joe"/>
    <property name="java.class.path" value="C:\Program Files (x86)\JetBrains\IntelliJ IDEA Community Edition 2016.3.5\plugins\maven\lib\maven3\boot\plexus-classworlds-2.5.2.jar;C:\Program Files (x86)\JetBrains\IntelliJ IDEA Community Edition 2016.3.5\lib\idea_rt.jar"/>
    <property name="java.vm.specification.version" value="1.8"/>
    <property name="sun.arch.data.model" value="64"/>
    <property name="java.home" value="C:\Program Files\Java\jdk1.8.0_111\jre"/>
    <property name="sun.java.command" value="com.intellij.rt.execution.application.AppMain org.codehaus.classworlds.Launcher -Didea.version=2016.3.5 org.apache.maven.plugins:maven-assembly-plugin:2.2-beta-5:assembly"/>
    <property name="java.specification.vendor" value="Oracle Corporation"/>
    <property name="user.language" value="zh"/>
    <property name="awt.toolkit" value="sun.awt.windows.WToolkit"/>
    <property name="java.vm.info" value="mixed mode"/>
    <property name="java.version" value="1.8.0_111"/>
    <property name="java.ext.dirs" value="C:\Program Files\Java\jdk1.8.0_111\jre\lib\ext;C:\Windows\Sun\Java\lib\ext"/>
    <property name="sun.boot.class.path" value="C:\Program Files\Java\jdk1.8.0_111\jre\lib\resources.jar;C:\Program Files\Java\jdk1.8.0_111\jre\lib\rt.jar;C:\Program Files\Java\jdk1.8.0_111\jre\lib\sunrsasign.jar;C:\Program Files\Java\jdk1.8.0_111\jre\lib\jsse.jar;C:\Program Files\Java\jdk1.8.0_111\jre\lib\jce.jar;C:\Program Files\Java\jdk1.8.0_111\jre\lib\charsets.jar;C:\Program Files\Java\jdk1.8.0_111\jre\lib\jfr.jar;C:\Program Files\Java\jdk1.8.0_111\jre\classes"/>
    <property name="java.vendor" value="Oracle Corporation"/>
    <property name="maven.home" value="C:\Program Files (x86)\JetBrains\IntelliJ IDEA Community Edition 2016.3.5\plugins\maven\lib\maven3"/>
    <property name="file.separator" value="\"/>
    <property name="java.vendor.url.bug" value="http://bugreport.sun.com/bugreport/"/>
    <property name="sun.cpu.endian" value="little"/>
    <property name="sun.io.unicode.encoding" value="UnicodeLittle"/>
    <property name="sun.desktop" value="windows"/>
    <property name="sun.cpu.isalist" value="amd64"/>
  </properties>
  <testcase name="Given Ｔhe VAT rate is 0.05" classname="| 36000 | 1714 | 34286 | Refactoring定價 |" time="0"/>
  <testcase name="Given Ｔhe VAT rate is 0.05" classname="| 36000 | 1714 | 34286 | Refactoring定價 |" time="0"/>
  <testcase name="And the tax included price provided is 36000" classname="| 36000 | 1714 | 34286 | Refactoring定價 |" time="0"/>
  <testcase name="When I issue a company invoice" classname="| 36000 | 1714 | 34286 | Refactoring定價 |" time="0"/>
  <testcase name="When I issue a company invoice" classname="| 36000 | 1714 | 34286 | Refactoring定價 |" time="0"/>
  <testcase name="Then I should see the VAT is 1714" classname="| 36000 | 1714 | 34286 | Refactoring定價 |" time="0"/>
  <testcase name="Then I should see the VAT is 1714" classname="| 36000 | 1714 | 34286 | Refactoring定價 |" time="0"/>
  <testcase name="And the tax excluded price is 34286" classname="| 36000 | 1714 | 34286 | Refactoring定價 |" time="0"/>
  <testcase name="| 36000 | 1714 | 34286 | Refactoring定價 |" classname="| 36000 | 1714 | 34286 | Refactoring定價 |" time="0.001"/>
  <testcase name="| 36000 | 1714 | 34286 | Refactoring定價 |" classname="| 36000 | 1714 | 34286 | Refactoring定價 |" time="0"/>
  <testcase name="Given Ｔhe VAT rate is 0.05" classname="| 17900 | 852 | 17048 | Scrum早鳥 |" time="0"/>
  <testcase name="Given Ｔhe VAT rate is 0.05" classname="| 17900 | 852 | 17048 | Scrum早鳥 |" time="0"/>
  <testcase name="And the tax included price provided is 17900" classname="| 17900 | 852 | 17048 | Scrum早鳥 |" time="0"/>
  <testcase name="When I issue a company invoice" classname="| 17900 | 852 | 17048 | Scrum早鳥 |" time="0"/>
  <testcase name="When I issue a company invoice" classname="| 17900 | 852 | 17048 | Scrum早鳥 |" time="0"/>
  <testcase name="Then I should see the VAT is 852" classname="| 17900 | 852 | 17048 | Scrum早鳥 |" time="0"/>
  <testcase name="Then I should see the VAT is 852" classname="| 17900 | 852 | 17048 | Scrum早鳥 |" time="0"/>
  <testcase name="And the tax excluded price is 17048" classname="| 17900 | 852 | 17048 | Scrum早鳥 |" time="0"/>
  <testcase name="| 17900 | 852 | 17048 | Scrum早鳥 |" classname="| 17900 | 852 | 17048 | Scrum早鳥 |" time="0"/>
  <testcase name="| 17900 | 852 | 17048 | Scrum早鳥 |" classname="| 17900 | 852 | 17048 | Scrum早鳥 |" time="0"/>
  <testcase name="Given Ｔhe VAT rate is 0.05" classname="| 17000 | 810 | 16190 | Scrum泰迪之友 |" time="0"/>
  <testcase name="Given Ｔhe VAT rate is 0.05" classname="| 17000 | 810 | 16190 | Scrum泰迪之友 |" time="0"/>
  <testcase name="And the tax included price provided is 17000" classname="| 17000 | 810 | 16190 | Scrum泰迪之友 |" time="0.001"/>
  <testcase name="When I issue a company invoice" classname="| 17000 | 810 | 16190 | Scrum泰迪之友 |" time="0"/>
  <testcase name="When I issue a company invoice" classname="| 17000 | 810 | 16190 | Scrum泰迪之友 |" time="0"/>
  <testcase name="Then I should see the VAT is 810" classname="| 17000 | 810 | 16190 | Scrum泰迪之友 |" time="0"/>
  <testcase name="Then I should see the VAT is 810" classname="| 17000 | 810 | 16190 | Scrum泰迪之友 |" time="0"/>
  <testcase name="And the tax excluded price is 16190" classname="| 17000 | 810 | 16190 | Scrum泰迪之友 |" time="0"/>
  <testcase name="| 17000 | 810 | 16190 | Scrum泰迪之友 |" classname="| 17000 | 810 | 16190 | Scrum泰迪之友 |" time="0.001"/>
  <testcase name="| 17000 | 810 | 16190 | Scrum泰迪之友 |" classname="| 17000 | 810 | 16190 | Scrum泰迪之友 |" time="0.001"/>
  <testcase name="Given Ｔhe VAT rate is 0.05" classname="| 21000 | 1000 | 20000 | Scrum定價 |" time="0"/>
  <testcase name="Given Ｔhe VAT rate is 0.05" classname="| 21000 | 1000 | 20000 | Scrum定價 |" time="0"/>
  <testcase name="And the tax included price provided is 21000" classname="| 21000 | 1000 | 20000 | Scrum定價 |" time="0"/>
  <testcase name="When I issue a company invoice" classname="| 21000 | 1000 | 20000 | Scrum定價 |" time="0"/>
  <testcase name="When I issue a company invoice" classname="| 21000 | 1000 | 20000 | Scrum定價 |" time="0"/>
  <testcase name="Then I should see the VAT is 1000" classname="| 21000 | 1000 | 20000 | Scrum定價 |" time="0"/>
  <testcase name="Then I should see the VAT is 1000" classname="| 21000 | 1000 | 20000 | Scrum定價 |" time="0"/>
  <testcase name="And the tax excluded price is 20000" classname="| 21000 | 1000 | 20000 | Scrum定價 |" time="0"/>
  <testcase name="| 21000 | 1000 | 20000 | Scrum定價 |" classname="| 21000 | 1000 | 20000 | Scrum定價 |" time="0"/>
  <testcase name="| 21000 | 1000 | 20000 | Scrum定價 |" classname="| 21000 | 1000 | 20000 | Scrum定價 |" time="0"/>
  <testcase name="Given Ｔhe VAT rate is 0.05" classname="| 99 | 5 | 94 | 四捨五入案例 |" time="0"/>
  <testcase name="Given Ｔhe VAT rate is 0.05" classname="| 99 | 5 | 94 | 四捨五入案例 |" time="0"/>
  <testcase name="And the tax included price provided is 99" classname="| 99 | 5 | 94 | 四捨五入案例 |" time="0"/>
  <testcase name="When I issue a company invoice" classname="| 99 | 5 | 94 | 四捨五入案例 |" time="0"/>
  <testcase name="When I issue a company invoice" classname="| 99 | 5 | 94 | 四捨五入案例 |" time="0"/>
  <testcase name="Then I should see the VAT is 5" classname="| 99 | 5 | 94 | 四捨五入案例 |" time="0"/>
  <testcase name="Then I should see the VAT is 5" classname="| 99 | 5 | 94 | 四捨五入案例 |" time="0"/>
  <testcase name="And the tax excluded price is 94" classname="| 99 | 5 | 94 | 四捨五入案例 |" time="0"/>
  <testcase name="| 99 | 5 | 94 | 四捨五入案例 |" classname="| 99 | 5 | 94 | 四捨五入案例 |" time="0"/>
  <testcase name="| 99 | 5 | 94 | 四捨五入案例 |" classname="| 99 | 5 | 94 | 四捨五入案例 |" time="0"/>
  <testcase name="Given Ｔhe VAT rate is 0.05" classname="| 1 | 0 | 1 | 邊界條件 |" time="0"/>
  <testcase name="Given Ｔhe VAT rate is 0.05" classname="| 1 | 0 | 1 | 邊界條件 |" time="0"/>
  <testcase name="And the tax included price provided is 1" classname="| 1 | 0 | 1 | 邊界條件 |" time="0"/>
  <testcase name="When I issue a company invoice" classname="| 1 | 0 | 1 | 邊界條件 |" time="0"/>
  <testcase name="When I issue a company invoice" classname="| 1 | 0 | 1 | 邊界條件 |" time="0"/>
  <testcase name="Then I should see the VAT is 0" classname="| 1 | 0 | 1 | 邊界條件 |" time="0"/>
  <testcase name="Then I should see the VAT is 0" classname="| 1 | 0 | 1 | 邊界條件 |" time="0"/>
  <testcase name="And the tax excluded price is 1" classname="| 1 | 0 | 1 | 邊界條件 |" time="0"/>
  <testcase name="| 1 | 0 | 1 | 邊界條件 |" classname="| 1 | 0 | 1 | 邊界條件 |" time="0"/>
  <testcase name="| 1 | 0 | 1 | 邊界條件 |" classname="| 1 | 0 | 1 | 邊界條件 |" time="0"/>
  <testcase name="Given Ｔhe VAT rate is 0.05" classname="| 10 | 0 | 10 | 邊界條件 |" time="0"/>
  <testcase name="And the tax included price provided is 10" classname="| 10 | 0 | 10 | 邊界條件 |" time="0"/>
  <testcase name="When I issue a company invoice" classname="| 10 | 0 | 10 | 邊界條件 |" time="0"/>
  <testcase name="Then I should see the VAT is 0" classname="| 10 | 0 | 10 | 邊界條件 |" time="0"/>
  <testcase name="And the tax excluded price is 10" classname="| 10 | 0 | 10 | 邊界條件 |" time="0"/>
  <testcase name="| 10 | 0 | 10 | 邊界條件 |" classname="| 10 | 0 | 10 | 邊界條件 |" time="0"/>
  <testcase name="Given Ｔhe VAT rate is 0.05" classname="| 11 | 1 | 10 | 邊界條件 |" time="0"/>
  <testcase name="Given Ｔhe VAT rate is 0.05" classname="| 11 | 1 | 10 | 邊界條件 |" time="0"/>
  <testcase name="And the tax included price provided is 11" classname="| 11 | 1 | 10 | 邊界條件 |" time="0"/>
  <testcase name="When I issue a company invoice" classname="| 11 | 1 | 10 | 邊界條件 |" time="0"/>
  <testcase name="When I issue a company invoice" classname="| 11 | 1 | 10 | 邊界條件 |" time="0"/>
  <testcase name="Then I should see the VAT is 1" classname="| 11 | 1 | 10 | 邊界條件 |" time="0"/>
  <testcase name="Then I should see the VAT is 1" classname="| 11 | 1 | 10 | 邊界條件 |" time="0"/>
  <testcase name="And the tax excluded price is 10" classname="| 11 | 1 | 10 | 邊界條件 |" time="0"/>
  <testcase name="| 11 | 1 | 10 | 邊界條件 |" classname="| 11 | 1 | 10 | 邊界條件 |" time="0"/>
  <testcase name="| 11 | 1 | 10 | 邊界條件 |" classname="| 11 | 1 | 10 | 邊界條件 |" time="0"/>
  <testcase name="Given Ｔhe VAT rate is 0.05" classname="| 0 | 0 | 0 | 可以開零元發票 |" time="0"/>
  <testcase name="Given Ｔhe VAT rate is 0.05" classname="| 0 | 0 | 0 | 可以開零元發票 |" time="0"/>
  <testcase name="And the tax included price provided is 0" classname="| 0 | 0 | 0 | 可以開零元發票 |" time="0"/>
  <testcase name="When I issue a company invoice" classname="| 0 | 0 | 0 | 可以開零元發票 |" time="0"/>
  <testcase name="When I issue a company invoice" classname="| 0 | 0 | 0 | 可以開零元發票 |" time="0"/>
  <testcase name="Then I should see the VAT is 0" classname="| 0 | 0 | 0 | 可以開零元發票 |" time="0"/>
  <testcase name="Then I should see the VAT is 0" classname="| 0 | 0 | 0 | 可以開零元發票 |" time="0"/>
  <testcase name="And the tax excluded price is 0" classname="| 0 | 0 | 0 | 可以開零元發票 |" time="0"/>
  <testcase name="| 0 | 0 | 0 | 可以開零元發票 |" classname="| 0 | 0 | 0 | 可以開零元發票 |" time="0"/>
  <testcase name="| 0 | 0 | 0 | 可以開零元發票 |" classname="| 0 | 0 | 0 | 可以開零元發票 |" time="0.001"/>
  <testcase name="And the tax excluded price provided is 34286" classname="| 36000 | 1714 | 34286 | Refactoring定價 |" time="0"/>
  <testcase name="And the tax included price is 36000" classname="| 36000 | 1714 | 34286 | Refactoring定價 |" time="0"/>
  <testcase name="And the tax excluded price provided is 17048" classname="| 17900 | 852 | 17048 | Scrum早鳥 |" time="0"/>
  <testcase name="And the tax included price is 17900" classname="| 17900 | 852 | 17048 | Scrum早鳥 |" time="0"/>
  <testcase name="And the tax excluded price provided is 16190" classname="| 17000 | 810 | 16190 | Scrum泰迪之友 |" time="0"/>
  <testcase name="And the tax included price is 17000" classname="| 17000 | 810 | 16190 | Scrum泰迪之友 |" time="0"/>
  <testcase name="And the tax excluded price provided is 20000" classname="| 21000 | 1000 | 20000 | Scrum定價 |" time="0"/>
  <testcase name="And the tax included price is 21000" classname="| 21000 | 1000 | 20000 | Scrum定價 |" time="0"/>
  <testcase name="And the tax excluded price provided is 94" classname="| 99 | 5 | 94 | 四捨五入案例 |" time="0"/>
  <testcase name="And the tax included price is 99" classname="| 99 | 5 | 94 | 四捨五入案例 |" time="0"/>
  <testcase name="And the tax excluded price provided is 1" classname="| 1 | 0 | 1 | 邊界條件 |" time="0"/>
  <testcase name="And the tax included price is 1" classname="| 1 | 0 | 1 | 邊界條件 |" time="0"/>
  <testcase name="And the tax excluded price provided is 10" classname="| 11 | 1 | 10 | 邊界條件 |" time="0"/>
  <testcase name="And the tax included price is 11" classname="| 11 | 1 | 10 | 邊界條件 |" time="0"/>
  <testcase name="Given Ｔhe VAT rate is 0.05" classname="| 12 | 1 | 11 | 邊界條件 |" time="0"/>
  <testcase name="And the tax excluded price provided is 11" classname="| 12 | 1 | 11 | 邊界條件 |" time="0"/>
  <testcase name="When I issue a company invoice" classname="| 12 | 1 | 11 | 邊界條件 |" time="0"/>
  <testcase name="Then I should see the VAT is 1" classname="| 12 | 1 | 11 | 邊界條件 |" time="0"/>
  <testcase name="And the tax included price is 12" classname="| 12 | 1 | 11 | 邊界條件 |" time="0"/>
  <testcase name="| 12 | 1 | 11 | 邊界條件 |" classname="| 12 | 1 | 11 | 邊界條件 |" time="0"/>
  <testcase name="And the tax excluded price provided is 0" classname="| 0 | 0 | 0 | 可以開零元發票 |" time="0"/>
  <testcase name="And the tax included price is 0" classname="| 0 | 0 | 0 | 可以開零元發票 |" time="0"/>
  <testcase name="Given Ｔhe VAT rate is 0.05" classname="Scenario: A special case to issue an invoice by assigning 10$ to tax included prices first and tax excluded prices second" time="0"/>
  <testcase name="And the tax included price provided is 10" classname="Scenario: A special case to issue an invoice by assigning 10$ to tax included prices first and tax excluded prices second" time="0"/>
  <testcase name="And the tax excluded price provided is 10" classname="Scenario: A special case to issue an invoice by assigning 10$ to tax included prices first and tax excluded prices second" time="0"/>
  <testcase name="When I issue a company invoice" classname="Scenario: A special case to issue an invoice by assigning 10$ to tax included prices first and tax excluded prices second" time="0"/>
  <testcase name="Then I should see the VAT is 1" classname="Scenario: A special case to issue an invoice by assigning 10$ to tax included prices first and tax excluded prices second" time="0"/>
  <testcase name="And the tax included price is 11" classname="Scenario: A special case to issue an invoice by assigning 10$ to tax included prices first and tax excluded prices second" time="0"/>
  <testcase name="And the tax excluded price is 10" classname="Scenario: A special case to issue an invoice by assigning 10$ to tax included prices first and tax excluded prices second" time="0"/>
  <testcase name="Scenario: A special case to issue an invoice by assigning 10$ to tax included prices first and tax excluded prices second" classname="Scenario: A special case to issue an invoice by assigning 10$ to tax included prices first and tax excluded prices second" time="0.001"/>
  <testcase name="Given Ｔhe VAT rate is 0.05" classname="Scenario: A special case to issue an invoice by assigning 10$ to tax excluded prices first and tax included prices second" time="0"/>
  <testcase name="And the tax excluded price provided is 10" classname="Scenario: A special case to issue an invoice by assigning 10$ to tax excluded prices first and tax included prices second" time="0"/>
  <testcase name="And the tax included price provided is 10" classname="Scenario: A special case to issue an invoice by assigning 10$ to tax excluded prices first and tax included prices second" time="0"/>
  <testcase name="When I issue a company invoice" classname="Scenario: A special case to issue an invoice by assigning 10$ to tax excluded prices first and tax included prices second" time="0"/>
  <testcase name="Then I should see the VAT is 0" classname="Scenario: A special case to issue an invoice by assigning 10$ to tax excluded prices first and tax included prices second" time="0"/>
  <testcase name="And the tax included price is 10" classname="Scenario: A special case to issue an invoice by assigning 10$ to tax excluded prices first and tax included prices second" time="0"/>
  <testcase name="And the tax excluded price is 10" classname="Scenario: A special case to issue an invoice by assigning 10$ to tax excluded prices first and tax included prices second" time="0"/>
  <testcase name="Scenario: A special case to issue an invoice by assigning 10$ to tax excluded prices first and tax included prices second" classname="Scenario: A special case to issue an invoice by assigning 10$ to tax excluded prices first and tax included prices second" time="0.001"/>
</testsuite>